  cPlayer.cpp
c:\users\sga\desktop\newissac\cplayer.h(148): warning C4244: '=': 'int'에서 'float'(으)로 변환하면서 데이터가 손실될 수 있습니다.
c:\users\sga\desktop\newissac\cplayer.h(149): warning C4244: 'return': 'float'에서 'int'(으)로 변환하면서 데이터가 손실될 수 있습니다.
c:\users\sga\desktop\newissac\cplayer.h(150): warning C4244: '=': 'int'에서 'float'(으)로 변환하면서 데이터가 손실될 수 있습니다.
c:\users\sga\desktop\newissac\groundenemy.h(52): warning C4244: '=': 'float'에서 'int'(으)로 변환하면서 데이터가 손실될 수 있습니다.
c:\users\sga\desktop\newissac\groundenemy.h(53): warning C4244: 'return': 'int'에서 'float'(으)로 변환하면서 데이터가 손실될 수 있습니다.
c:\users\sga\desktop\newissac\fly.h(4): warning C4005: 'KONCKBACKPOWER': 매크로 재정의
  c:\users\sga\desktop\newissac\groundenemy.h(3): note: 'KONCKBACKPOWER'의 이전 정의를 참조하십시오.
c:\users\sga\desktop\newissac\fly.h(47): warning C4244: '=': 'float'에서 'int'(으)로 변환하면서 데이터가 손실될 수 있습니다.
c:\users\sga\desktop\newissac\fly.h(48): warning C4244: 'return': 'int'에서 'float'(으)로 변환하면서 데이터가 손실될 수 있습니다.
c:\users\sga\desktop\newissac\shootenemy.h(3): warning C4005: 'KONCKBACKPOWER': 매크로 재정의
  c:\users\sga\desktop\newissac\fly.h(4): note: 'KONCKBACKPOWER'의 이전 정의를 참조하십시오.
c:\users\sga\desktop\newissac\shootenemy.h(43): warning C4244: '=': 'float'에서 'int'(으)로 변환하면서 데이터가 손실될 수 있습니다.
c:\users\sga\desktop\newissac\shootenemy.h(44): warning C4244: 'return': 'int'에서 'float'(으)로 변환하면서 데이터가 손실될 수 있습니다.
c:\users\sga\desktop\newissac\monstro.h(61): warning C4244: '=': 'float'에서 'int'(으)로 변환하면서 데이터가 손실될 수 있습니다.
c:\users\sga\desktop\newissac\monstro.h(62): warning C4244: 'return': 'int'에서 'float'(으)로 변환하면서 데이터가 손실될 수 있습니다.
c:\users\sga\desktop\newissac\cplayer.cpp(33): warning C4244: '인수': 'float'에서 'int'(으)로 변환하면서 데이터가 손실될 수 있습니다.
c:\users\sga\desktop\newissac\cplayer.cpp(34): warning C4244: '인수': 'float'에서 'int'(으)로 변환하면서 데이터가 손실될 수 있습니다.
c:\users\sga\desktop\newissac\cplayer.cpp(118): warning C4018: '<': signed 또는 unsigned가 일치하지 않습니다.
c:\users\sga\desktop\newissac\cplayer.cpp(466): warning C4244: '인수': 'float'에서 'int'(으)로 변환하면서 데이터가 손실될 수 있습니다.
c:\users\sga\desktop\newissac\cplayer.cpp(466): warning C4244: '인수': 'int'에서 'float'(으)로 변환하면서 데이터가 손실될 수 있습니다.
c:\users\sga\desktop\newissac\cplayer.cpp(466): warning C4305: '인수': 'double'에서 'float'(으)로 잘립니다.
c:\users\sga\desktop\newissac\cplayer.cpp(472): warning C4244: '인수': 'float'에서 'int'(으)로 변환하면서 데이터가 손실될 수 있습니다.
c:\users\sga\desktop\newissac\cplayer.cpp(472): warning C4244: '인수': 'int'에서 'float'(으)로 변환하면서 데이터가 손실될 수 있습니다.
c:\users\sga\desktop\newissac\cplayer.cpp(472): warning C4305: '인수': 'double'에서 'float'(으)로 잘립니다.
c:\users\sga\desktop\newissac\cplayer.cpp(477): warning C4244: '인수': 'float'에서 'int'(으)로 변환하면서 데이터가 손실될 수 있습니다.
c:\users\sga\desktop\newissac\cplayer.cpp(477): warning C4244: '인수': 'int'에서 'float'(으)로 변환하면서 데이터가 손실될 수 있습니다.
c:\users\sga\desktop\newissac\cplayer.cpp(489): warning C4244: '인수': 'float'에서 'int'(으)로 변환하면서 데이터가 손실될 수 있습니다.
c:\users\sga\desktop\newissac\cplayer.cpp(489): warning C4244: '인수': 'int'에서 'float'(으)로 변환하면서 데이터가 손실될 수 있습니다.
c:\users\sga\desktop\newissac\cplayer.cpp(495): warning C4244: '인수': 'float'에서 'int'(으)로 변환하면서 데이터가 손실될 수 있습니다.
c:\users\sga\desktop\newissac\cplayer.cpp(495): warning C4244: '인수': 'int'에서 'float'(으)로 변환하면서 데이터가 손실될 수 있습니다.
c:\users\sga\desktop\newissac\cplayer.cpp(500): warning C4244: '인수': 'float'에서 'int'(으)로 변환하면서 데이터가 손실될 수 있습니다.
c:\users\sga\desktop\newissac\cplayer.cpp(500): warning C4244: '인수': 'int'에서 'float'(으)로 변환하면서 데이터가 손실될 수 있습니다.
c:\users\sga\desktop\newissac\cplayer.cpp(511): warning C4244: '인수': 'float'에서 'int'(으)로 변환하면서 데이터가 손실될 수 있습니다.
c:\users\sga\desktop\newissac\cplayer.cpp(511): warning C4244: '인수': 'int'에서 'float'(으)로 변환하면서 데이터가 손실될 수 있습니다.
c:\users\sga\desktop\newissac\cplayer.cpp(517): warning C4244: '인수': 'float'에서 'int'(으)로 변환하면서 데이터가 손실될 수 있습니다.
c:\users\sga\desktop\newissac\cplayer.cpp(517): warning C4244: '인수': 'int'에서 'float'(으)로 변환하면서 데이터가 손실될 수 있습니다.
c:\users\sga\desktop\newissac\cplayer.cpp(522): warning C4244: '인수': 'float'에서 'int'(으)로 변환하면서 데이터가 손실될 수 있습니다.
c:\users\sga\desktop\newissac\cplayer.cpp(522): warning C4244: '인수': 'int'에서 'float'(으)로 변환하면서 데이터가 손실될 수 있습니다.
c:\users\sga\desktop\newissac\cplayer.cpp(532): warning C4244: '인수': 'float'에서 'int'(으)로 변환하면서 데이터가 손실될 수 있습니다.
c:\users\sga\desktop\newissac\cplayer.cpp(532): warning C4244: '인수': 'int'에서 'float'(으)로 변환하면서 데이터가 손실될 수 있습니다.
c:\users\sga\desktop\newissac\cplayer.cpp(538): warning C4244: '인수': 'float'에서 'int'(으)로 변환하면서 데이터가 손실될 수 있습니다.
c:\users\sga\desktop\newissac\cplayer.cpp(538): warning C4244: '인수': 'int'에서 'float'(으)로 변환하면서 데이터가 손실될 수 있습니다.
c:\users\sga\desktop\newissac\cplayer.cpp(543): warning C4244: '인수': 'float'에서 'int'(으)로 변환하면서 데이터가 손실될 수 있습니다.
c:\users\sga\desktop\newissac\cplayer.cpp(543): warning C4244: '인수': 'int'에서 'float'(으)로 변환하면서 데이터가 손실될 수 있습니다.
c:\users\sga\desktop\newissac\cplayer.cpp(560): warning C4244: '인수': 'float'에서 'int'(으)로 변환하면서 데이터가 손실될 수 있습니다.
c:\users\sga\desktop\newissac\cplayer.cpp(560): warning C4244: '인수': 'int'에서 'float'(으)로 변환하면서 데이터가 손실될 수 있습니다.
c:\users\sga\desktop\newissac\cplayer.cpp(560): warning C4305: '인수': 'double'에서 'float'(으)로 잘립니다.
c:\users\sga\desktop\newissac\cplayer.cpp(566): warning C4244: '인수': 'float'에서 'int'(으)로 변환하면서 데이터가 손실될 수 있습니다.
c:\users\sga\desktop\newissac\cplayer.cpp(566): warning C4244: '인수': 'int'에서 'float'(으)로 변환하면서 데이터가 손실될 수 있습니다.
c:\users\sga\desktop\newissac\cplayer.cpp(566): warning C4305: '인수': 'double'에서 'float'(으)로 잘립니다.
c:\users\sga\desktop\newissac\cplayer.cpp(571): warning C4244: '인수': 'float'에서 'int'(으)로 변환하면서 데이터가 손실될 수 있습니다.
c:\users\sga\desktop\newissac\cplayer.cpp(571): warning C4244: '인수': 'int'에서 'float'(으)로 변환하면서 데이터가 손실될 수 있습니다.
c:\users\sga\desktop\newissac\cplayer.cpp(583): warning C4244: '인수': 'float'에서 'int'(으)로 변환하면서 데이터가 손실될 수 있습니다.
c:\users\sga\desktop\newissac\cplayer.cpp(583): warning C4244: '인수': 'int'에서 'float'(으)로 변환하면서 데이터가 손실될 수 있습니다.
c:\users\sga\desktop\newissac\cplayer.cpp(589): warning C4244: '인수': 'float'에서 'int'(으)로 변환하면서 데이터가 손실될 수 있습니다.
c:\users\sga\desktop\newissac\cplayer.cpp(589): warning C4244: '인수': 'int'에서 'float'(으)로 변환하면서 데이터가 손실될 수 있습니다.
c:\users\sga\desktop\newissac\cplayer.cpp(594): warning C4244: '인수': 'float'에서 'int'(으)로 변환하면서 데이터가 손실될 수 있습니다.
c:\users\sga\desktop\newissac\cplayer.cpp(594): warning C4244: '인수': 'int'에서 'float'(으)로 변환하면서 데이터가 손실될 수 있습니다.
c:\users\sga\desktop\newissac\cplayer.cpp(605): warning C4244: '인수': 'float'에서 'int'(으)로 변환하면서 데이터가 손실될 수 있습니다.
c:\users\sga\desktop\newissac\cplayer.cpp(605): warning C4244: '인수': 'int'에서 'float'(으)로 변환하면서 데이터가 손실될 수 있습니다.
c:\users\sga\desktop\newissac\cplayer.cpp(611): warning C4244: '인수': 'float'에서 'int'(으)로 변환하면서 데이터가 손실될 수 있습니다.
c:\users\sga\desktop\newissac\cplayer.cpp(611): warning C4244: '인수': 'int'에서 'float'(으)로 변환하면서 데이터가 손실될 수 있습니다.
c:\users\sga\desktop\newissac\cplayer.cpp(616): warning C4244: '인수': 'float'에서 'int'(으)로 변환하면서 데이터가 손실될 수 있습니다.
c:\users\sga\desktop\newissac\cplayer.cpp(616): warning C4244: '인수': 'int'에서 'float'(으)로 변환하면서 데이터가 손실될 수 있습니다.
c:\users\sga\desktop\newissac\cplayer.cpp(626): warning C4244: '인수': 'float'에서 'int'(으)로 변환하면서 데이터가 손실될 수 있습니다.
c:\users\sga\desktop\newissac\cplayer.cpp(626): warning C4244: '인수': 'int'에서 'float'(으)로 변환하면서 데이터가 손실될 수 있습니다.
c:\users\sga\desktop\newissac\cplayer.cpp(632): warning C4244: '인수': 'float'에서 'int'(으)로 변환하면서 데이터가 손실될 수 있습니다.
c:\users\sga\desktop\newissac\cplayer.cpp(632): warning C4244: '인수': 'int'에서 'float'(으)로 변환하면서 데이터가 손실될 수 있습니다.
c:\users\sga\desktop\newissac\cplayer.cpp(637): warning C4244: '인수': 'float'에서 'int'(으)로 변환하면서 데이터가 손실될 수 있습니다.
c:\users\sga\desktop\newissac\cplayer.cpp(637): warning C4244: '인수': 'int'에서 'float'(으)로 변환하면서 데이터가 손실될 수 있습니다.
c:\users\sga\desktop\newissac\cplayer.cpp(803): warning C4244: '인수': 'float'에서 'int'(으)로 변환하면서 데이터가 손실될 수 있습니다.
c:\users\sga\desktop\newissac\cplayer.cpp(804): warning C4244: '인수': 'float'에서 'int'(으)로 변환하면서 데이터가 손실될 수 있습니다.
c:\users\sga\desktop\newissac\cplayer.cpp(827): warning C4244: '=': 'float'에서 'int'(으)로 변환하면서 데이터가 손실될 수 있습니다.
c:\users\sga\desktop\newissac\cplayer.cpp(832): warning C4244: '=': 'float'에서 'int'(으)로 변환하면서 데이터가 손실될 수 있습니다.
c:\users\sga\desktop\newissac\cplayer.cpp(837): warning C4244: '=': 'float'에서 'int'(으)로 변환하면서 데이터가 손실될 수 있습니다.
c:\users\sga\desktop\newissac\cplayer.cpp(842): warning C4244: '=': 'float'에서 'int'(으)로 변환하면서 데이터가 손실될 수 있습니다.
c:\users\sga\desktop\newissac\cplayer.cpp(885): warning C4018: '<': signed 또는 unsigned가 일치하지 않습니다.
c:\users\sga\desktop\newissac\cplayer.cpp(892): warning C4018: '<': signed 또는 unsigned가 일치하지 않습니다.
c:\users\sga\desktop\newissac\cplayer.cpp(952): warning C4018: '<': signed 또는 unsigned가 일치하지 않습니다.
c:\users\sga\desktop\newissac\cplayer.cpp(969): warning C4553: '==': 의미 없는 연산자입니다. '='을(를) 사용하려고 했습니까?
c:\users\sga\desktop\newissac\cplayer.cpp(975): warning C4018: '<': signed 또는 unsigned가 일치하지 않습니다.
  WindowAPI.vcxproj -> C:\Users\SGA\Desktop\newIssac\Debug\WindowAPI.exe
